{"C:\\Users\\bala1\\Documents\\Pragra\\Projects\\Food-ordering-App\\src\\components\\HeroSection\\HeroSection.js": {"path":"C:\\Users\\bala1\\Documents\\Pragra\\Projects\\Food-ordering-App\\src\\components\\HeroSection\\HeroSection.js","all":false,"statementMap":{"0":{"start":{"line":1,"column":0},"end":{"line":1,"column":26}},"1":{"start":{"line":2,"column":0},"end":{"line":2,"column":33}},"2":{"start":{"line":3,"column":0},"end":{"line":3,"column":43}},"3":{"start":{"line":4,"column":0},"end":{"line":4,"column":64}},"4":{"start":{"line":5,"column":0},"end":{"line":5,"column":111}},"5":{"start":{"line":6,"column":0},"end":{"line":6,"column":0}},"6":{"start":{"line":7,"column":0},"end":{"line":7,"column":27}},"7":{"start":{"line":8,"column":0},"end":{"line":8,"column":51}},"8":{"start":{"line":9,"column":0},"end":{"line":9,"column":33}},"9":{"start":{"line":10,"column":0},"end":{"line":10,"column":0}},"10":{"start":{"line":11,"column":0},"end":{"line":11,"column":32}},"11":{"start":{"line":12,"column":0},"end":{"line":12,"column":12}},"12":{"start":{"line":13,"column":0},"end":{"line":13,"column":20}},"13":{"start":{"line":14,"column":0},"end":{"line":14,"column":34}},"14":{"start":{"line":15,"column":0},"end":{"line":15,"column":32}},"15":{"start":{"line":16,"column":0},"end":{"line":16,"column":6}},"16":{"start":{"line":17,"column":0},"end":{"line":17,"column":15}},"17":{"start":{"line":18,"column":0},"end":{"line":18,"column":18}},"18":{"start":{"line":19,"column":0},"end":{"line":19,"column":20}},"19":{"start":{"line":20,"column":0},"end":{"line":20,"column":21}},"20":{"start":{"line":21,"column":0},"end":{"line":21,"column":5}},"21":{"start":{"line":22,"column":0},"end":{"line":22,"column":0}},"22":{"start":{"line":23,"column":0},"end":{"line":23,"column":31}},"23":{"start":{"line":24,"column":0},"end":{"line":24,"column":23}},"24":{"start":{"line":25,"column":0},"end":{"line":25,"column":21}},"25":{"start":{"line":26,"column":0},"end":{"line":26,"column":72}},"26":{"start":{"line":27,"column":0},"end":{"line":27,"column":5}},"27":{"start":{"line":28,"column":0},"end":{"line":28,"column":4}},"28":{"start":{"line":29,"column":0},"end":{"line":29,"column":0}},"29":{"start":{"line":30,"column":0},"end":{"line":30,"column":10}},"30":{"start":{"line":31,"column":0},"end":{"line":31,"column":50}},"31":{"start":{"line":32,"column":0},"end":{"line":32,"column":165}},"32":{"start":{"line":33,"column":0},"end":{"line":33,"column":60}},"33":{"start":{"line":34,"column":0},"end":{"line":34,"column":33}},"34":{"start":{"line":35,"column":0},"end":{"line":35,"column":13}},"35":{"start":{"line":36,"column":0},"end":{"line":36,"column":0}},"36":{"start":{"line":37,"column":0},"end":{"line":37,"column":54}},"37":{"start":{"line":38,"column":0},"end":{"line":38,"column":29}},"38":{"start":{"line":39,"column":0},"end":{"line":39,"column":80}},"39":{"start":{"line":40,"column":0},"end":{"line":40,"column":13}},"40":{"start":{"line":41,"column":0},"end":{"line":41,"column":103}},"41":{"start":{"line":42,"column":0},"end":{"line":42,"column":15}},"42":{"start":{"line":43,"column":0},"end":{"line":43,"column":35}},"43":{"start":{"line":44,"column":0},"end":{"line":44,"column":108}},"44":{"start":{"line":45,"column":0},"end":{"line":45,"column":11}},"45":{"start":{"line":46,"column":0},"end":{"line":46,"column":18}},"46":{"start":{"line":47,"column":0},"end":{"line":47,"column":84}},"47":{"start":{"line":48,"column":0},"end":{"line":48,"column":25}},"48":{"start":{"line":49,"column":0},"end":{"line":49,"column":82}},"49":{"start":{"line":50,"column":0},"end":{"line":50,"column":32}},"50":{"start":{"line":51,"column":0},"end":{"line":51,"column":61}},"51":{"start":{"line":52,"column":0},"end":{"line":52,"column":14}},"52":{"start":{"line":53,"column":0},"end":{"line":53,"column":50}},"53":{"start":{"line":54,"column":0},"end":{"line":54,"column":49}},"54":{"start":{"line":55,"column":0},"end":{"line":55,"column":21}},"55":{"start":{"line":56,"column":0},"end":{"line":56,"column":17}},"56":{"start":{"line":57,"column":0},"end":{"line":57,"column":17}},"57":{"start":{"line":58,"column":0},"end":{"line":58,"column":34}},"58":{"start":{"line":59,"column":0},"end":{"line":59,"column":198}},"59":{"start":{"line":60,"column":0},"end":{"line":60,"column":11}},"60":{"start":{"line":61,"column":0},"end":{"line":61,"column":16}},"61":{"start":{"line":62,"column":0},"end":{"line":62,"column":19}},"62":{"start":{"line":63,"column":0},"end":{"line":63,"column":14}},"63":{"start":{"line":64,"column":0},"end":{"line":64,"column":12}},"64":{"start":{"line":65,"column":0},"end":{"line":65,"column":10}},"65":{"start":{"line":66,"column":0},"end":{"line":66,"column":4}},"66":{"start":{"line":67,"column":0},"end":{"line":67,"column":2}},"67":{"start":{"line":68,"column":0},"end":{"line":68,"column":0}},"68":{"start":{"line":69,"column":0},"end":{"line":69,"column":27}}},"s":{"0":1,"1":1,"2":1,"3":1,"4":1,"5":1,"6":1,"7":2,"8":2,"9":2,"10":2,"11":2,"12":2,"13":2,"14":2,"15":2,"16":2,"17":2,"18":2,"19":2,"20":2,"21":2,"22":2,"23":1,"24":1,"25":1,"26":1,"27":2,"28":2,"29":2,"30":2,"31":2,"32":2,"33":2,"34":2,"35":2,"36":2,"37":2,"38":2,"39":2,"40":2,"41":2,"42":2,"43":2,"44":2,"45":2,"46":2,"47":2,"48":2,"49":2,"50":2,"51":2,"52":2,"53":2,"54":2,"55":2,"56":2,"57":2,"58":2,"59":2,"60":2,"61":2,"62":2,"63":2,"64":2,"65":2,"66":2,"67":1,"68":1},"branchMap":{"0":{"type":"branch","line":5,"loc":{"start":{"line":5,"column":47},"end":{"line":5,"column":48}},"locations":[{"start":{"line":5,"column":47},"end":{"line":5,"column":48}}]},"1":{"type":"branch","line":5,"loc":{"start":{"line":5,"column":47},"end":{"line":5,"column":48}},"locations":[{"start":{"line":5,"column":47},"end":{"line":5,"column":48}}]},"2":{"type":"branch","line":5,"loc":{"start":{"line":5,"column":47},"end":{"line":5,"column":48}},"locations":[{"start":{"line":5,"column":47},"end":{"line":5,"column":48}}]},"3":{"type":"branch","line":5,"loc":{"start":{"line":5,"column":47},"end":{"line":5,"column":48}},"locations":[{"start":{"line":5,"column":47},"end":{"line":5,"column":48}}]},"4":{"type":"branch","line":5,"loc":{"start":{"line":5,"column":47},"end":{"line":5,"column":48}},"locations":[{"start":{"line":5,"column":47},"end":{"line":5,"column":48}}]},"5":{"type":"branch","line":5,"loc":{"start":{"line":5,"column":47},"end":{"line":5,"column":48}},"locations":[{"start":{"line":5,"column":47},"end":{"line":5,"column":48}}]},"6":{"type":"branch","line":5,"loc":{"start":{"line":5,"column":47},"end":{"line":5,"column":48}},"locations":[{"start":{"line":5,"column":47},"end":{"line":5,"column":48}}]},"7":{"type":"branch","line":5,"loc":{"start":{"line":5,"column":47},"end":{"line":5,"column":48}},"locations":[{"start":{"line":5,"column":47},"end":{"line":5,"column":48}}]},"8":{"type":"branch","line":5,"loc":{"start":{"line":5,"column":47},"end":{"line":5,"column":48}},"locations":[{"start":{"line":5,"column":47},"end":{"line":5,"column":48}}]},"9":{"type":"branch","line":5,"loc":{"start":{"line":5,"column":47},"end":{"line":5,"column":48}},"locations":[{"start":{"line":5,"column":47},"end":{"line":5,"column":48}}]},"10":{"type":"branch","line":5,"loc":{"start":{"line":5,"column":47},"end":{"line":5,"column":48}},"locations":[{"start":{"line":5,"column":47},"end":{"line":5,"column":48}}]},"11":{"type":"branch","line":5,"loc":{"start":{"line":5,"column":47},"end":{"line":5,"column":48}},"locations":[{"start":{"line":5,"column":47},"end":{"line":5,"column":48}}]},"12":{"type":"branch","line":5,"loc":{"start":{"line":5,"column":47},"end":{"line":5,"column":48}},"locations":[{"start":{"line":5,"column":47},"end":{"line":5,"column":48}}]},"13":{"type":"branch","line":5,"loc":{"start":{"line":5,"column":47},"end":{"line":5,"column":48}},"locations":[{"start":{"line":5,"column":47},"end":{"line":5,"column":48}}]},"14":{"type":"branch","line":5,"loc":{"start":{"line":5,"column":47},"end":{"line":5,"column":48}},"locations":[{"start":{"line":5,"column":47},"end":{"line":5,"column":48}}]},"15":{"type":"branch","line":5,"loc":{"start":{"line":5,"column":47},"end":{"line":5,"column":48}},"locations":[{"start":{"line":5,"column":47},"end":{"line":5,"column":48}}]},"16":{"type":"branch","line":5,"loc":{"start":{"line":5,"column":47},"end":{"line":5,"column":48}},"locations":[{"start":{"line":5,"column":47},"end":{"line":5,"column":48}}]},"17":{"type":"branch","line":7,"loc":{"start":{"line":7,"column":20},"end":{"line":67,"column":2}},"locations":[{"start":{"line":7,"column":20},"end":{"line":67,"column":2}}]},"18":{"type":"branch","line":23,"loc":{"start":{"line":23,"column":23},"end":{"line":28,"column":3}},"locations":[{"start":{"line":23,"column":23},"end":{"line":28,"column":3}}]},"19":{"type":"branch","line":51,"loc":{"start":{"line":51,"column":24},"end":{"line":51,"column":61}},"locations":[{"start":{"line":51,"column":24},"end":{"line":51,"column":61}}]}},"b":{"0":[1],"1":[0],"2":[1],"3":[0],"4":[1],"5":[0],"6":[0],"7":[0],"8":[0],"9":[36],"10":[0],"11":[0],"12":[4],"13":[0],"14":[0],"15":[0],"16":[4],"17":[2],"18":[1],"19":[1]},"fnMap":{"0":{"name":"_getRequireWildcardCache","decl":{"start":{"line":5,"column":47},"end":{"line":5,"column":48}},"loc":{"start":{"line":5,"column":47},"end":{"line":5,"column":48}},"line":5},"1":{"name":"_getRequireWildcardCache","decl":{"start":{"line":5,"column":47},"end":{"line":5,"column":48}},"loc":{"start":{"line":5,"column":47},"end":{"line":5,"column":48}},"line":5},"2":{"name":"_interopRequireWildcard","decl":{"start":{"line":5,"column":47},"end":{"line":5,"column":48}},"loc":{"start":{"line":5,"column":47},"end":{"line":5,"column":48}},"line":5},"3":{"name":"_slicedToArray","decl":{"start":{"line":5,"column":47},"end":{"line":5,"column":48}},"loc":{"start":{"line":5,"column":47},"end":{"line":5,"column":48}},"line":5},"4":{"name":"_nonIterableRest","decl":{"start":{"line":5,"column":47},"end":{"line":5,"column":48}},"loc":{"start":{"line":5,"column":47},"end":{"line":5,"column":48}},"line":5},"5":{"name":"_unsupportedIterableToArray","decl":{"start":{"line":5,"column":47},"end":{"line":5,"column":48}},"loc":{"start":{"line":5,"column":47},"end":{"line":5,"column":48}},"line":5},"6":{"name":"_arrayLikeToArray","decl":{"start":{"line":5,"column":47},"end":{"line":5,"column":48}},"loc":{"start":{"line":5,"column":47},"end":{"line":5,"column":48}},"line":5},"7":{"name":"_iterableToArrayLimit","decl":{"start":{"line":5,"column":47},"end":{"line":5,"column":48}},"loc":{"start":{"line":5,"column":47},"end":{"line":5,"column":48}},"line":5},"8":{"name":"_arrayWithHoles","decl":{"start":{"line":5,"column":47},"end":{"line":5,"column":48}},"loc":{"start":{"line":5,"column":47},"end":{"line":5,"column":48}},"line":5},"9":{"name":"HeroSection","decl":{"start":{"line":7,"column":20},"end":{"line":67,"column":2}},"loc":{"start":{"line":7,"column":20},"end":{"line":67,"column":2}},"line":7},"10":{"name":"handleSearch","decl":{"start":{"line":23,"column":23},"end":{"line":28,"column":3}},"loc":{"start":{"line":23,"column":23},"end":{"line":28,"column":3}},"line":23},"11":{"name":"onChange","decl":{"start":{"line":51,"column":24},"end":{"line":51,"column":61}},"loc":{"start":{"line":51,"column":24},"end":{"line":51,"column":61}},"line":51}},"f":{"0":1,"1":1,"2":1,"3":4,"4":0,"5":0,"6":0,"7":0,"8":4,"9":2,"10":1,"11":1}}
}
