TN:
SF:src\components\HeroSection\HeroSection.js
FN:5,_getRequireWildcardCache
FN:5,_getRequireWildcardCache
FN:5,_interopRequireWildcard
FN:5,_slicedToArray
FN:5,_nonIterableRest
FN:5,_unsupportedIterableToArray
FN:5,_arrayLikeToArray
FN:5,_iterableToArrayLimit
FN:5,_arrayWithHoles
FN:7,HeroSection
FN:23,handleSearch
FN:51,onChange
FNF:12
FNH:8
FNDA:1,_getRequireWildcardCache
FNDA:1,_getRequireWildcardCache
FNDA:1,_interopRequireWildcard
FNDA:4,_slicedToArray
FNDA:0,_nonIterableRest
FNDA:0,_unsupportedIterableToArray
FNDA:0,_arrayLikeToArray
FNDA:0,_iterableToArrayLimit
FNDA:4,_arrayWithHoles
FNDA:2,HeroSection
FNDA:1,handleSearch
FNDA:1,onChange
DA:1,1
DA:2,1
DA:3,1
DA:4,1
DA:5,1
DA:6,1
DA:7,1
DA:8,2
DA:9,2
DA:10,2
DA:11,2
DA:12,2
DA:13,2
DA:14,2
DA:15,2
DA:16,2
DA:17,2
DA:18,2
DA:19,2
DA:20,2
DA:21,2
DA:22,2
DA:23,2
DA:24,1
DA:25,1
DA:26,1
DA:27,1
DA:28,2
DA:29,2
DA:30,2
DA:31,2
DA:32,2
DA:33,2
DA:34,2
DA:35,2
DA:36,2
DA:37,2
DA:38,2
DA:39,2
DA:40,2
DA:41,2
DA:42,2
DA:43,2
DA:44,2
DA:45,2
DA:46,2
DA:47,2
DA:48,2
DA:49,2
DA:50,2
DA:51,2
DA:52,2
DA:53,2
DA:54,2
DA:55,2
DA:56,2
DA:57,2
DA:58,2
DA:59,2
DA:60,2
DA:61,2
DA:62,2
DA:63,2
DA:64,2
DA:65,2
DA:66,2
DA:67,2
DA:68,1
DA:69,1
LF:69
LH:69
BRDA:5,0,0,1
BRDA:5,1,0,0
BRDA:5,2,0,1
BRDA:5,3,0,0
BRDA:5,4,0,1
BRDA:5,5,0,0
BRDA:5,6,0,0
BRDA:5,7,0,0
BRDA:5,8,0,0
BRDA:5,9,0,36
BRDA:5,10,0,0
BRDA:5,11,0,0
BRDA:5,12,0,4
BRDA:5,13,0,0
BRDA:5,14,0,0
BRDA:5,15,0,0
BRDA:5,16,0,4
BRDA:7,17,0,2
BRDA:23,18,0,1
BRDA:51,19,0,1
BRF:20
BRH:9
end_of_record
