TN:
SF:src\components\sum.js
FN:1,sum
FNF:1
FNH:1
FNDA:1,sum
DA:1,1
DA:2,1
DA:3,1
DA:4,1
LF:4
LH:4
BRDA:1,0,0,1
BRF:1
BRH:1
end_of_record
TN:
SF:src\components\HeroSection\HeroSection.js
FN:5,_getRequireWildcardCache
FN:5,_getRequireWildcardCache
FN:5,_interopRequireWildcard
FN:5,_slicedToArray
FN:5,_nonIterableRest
FN:5,_unsupportedIterableToArray
FN:5,_arrayLikeToArray
FN:5,_iterableToArrayLimit
FN:5,_arrayWithHoles
FN:7,HeroSection
FN:23,handleSearch
FN:51,onChange
FNF:12
FNH:8
FNDA:1,_getRequireWildcardCache
FNDA:1,_getRequireWildcardCache
FNDA:1,_interopRequireWildcard
FNDA:6,_slicedToArray
FNDA:0,_nonIterableRest
FNDA:0,_unsupportedIterableToArray
FNDA:0,_arrayLikeToArray
FNDA:0,_iterableToArrayLimit
FNDA:6,_arrayWithHoles
FNDA:3,HeroSection
FNDA:2,handleSearch
FNDA:1,onChange
DA:1,1
DA:2,1
DA:3,1
DA:4,1
DA:5,1
DA:6,1
DA:7,1
DA:8,3
DA:9,3
DA:10,3
DA:11,3
DA:12,3
DA:13,3
DA:14,3
DA:15,3
DA:16,3
DA:17,3
DA:18,3
DA:19,3
DA:20,3
DA:21,3
DA:22,3
DA:23,3
DA:24,2
DA:25,2
DA:26,1
DA:27,1
DA:28,3
DA:29,3
DA:30,3
DA:31,3
DA:32,3
DA:33,3
DA:34,3
DA:35,3
DA:36,3
DA:37,3
DA:38,3
DA:39,3
DA:40,3
DA:41,3
DA:42,3
DA:43,3
DA:44,3
DA:45,3
DA:46,3
DA:47,3
DA:48,3
DA:49,3
DA:50,3
DA:51,3
DA:52,3
DA:53,3
DA:54,3
DA:55,3
DA:56,3
DA:57,3
DA:58,3
DA:59,3
DA:60,3
DA:61,3
DA:62,3
DA:63,3
DA:64,3
DA:65,3
DA:66,3
DA:67,3
DA:68,1
DA:69,1
LF:69
LH:69
BRDA:5,0,0,1
BRDA:5,1,0,0
BRDA:5,2,0,1
BRDA:5,3,0,0
BRDA:5,4,0,1
BRDA:5,5,0,0
BRDA:5,6,0,0
BRDA:5,7,0,0
BRDA:5,8,0,0
BRDA:5,9,0,36
BRDA:5,10,0,0
BRDA:5,11,0,0
BRDA:5,12,0,6
BRDA:5,13,0,0
BRDA:5,14,0,0
BRDA:5,15,0,0
BRDA:5,16,0,6
BRDA:7,17,0,3
BRDA:23,18,0,2
BRDA:25,19,0,1
BRDA:51,20,0,1
BRF:21
BRH:10
end_of_record
